<?xml version="1.0" encoding="UTF-8"?>
<!-- Generated by org.testng.reporters.JUnitReportReporter -->
<testsuite skipped="0" hostname="DESKTOP-K66PPKL" name="com.example.springBootTest.user.DemoTestng" tests="3" failures="0" timestamp="21 二月 2019 06:31:10 GMT" time="0.900" errors="0">
  <testcase name="test2" time="0.002" classname="com.example.springBootTest.user.DemoTestng"/>
  <testcase name="test1" time="0.883" classname="com.example.springBootTest.user.DemoTestng"/>
  <testcase name="test3" time="0.015" classname="com.example.springBootTest.user.DemoTestng"/>
</testsuite> <!-- com.example.springBootTest.user.DemoTestng -->
