<?xml version="1.0" encoding="UTF-8"?>
<!-- Generated by org.testng.reporters.JUnitReportReporter -->
<testsuite skipped="0" hostname="DESKTOP-K66PPKL" name="com.example.springBootTest.user.NewTest" tests="1" failures="0" timestamp="21 二月 2019 06:31:10 GMT" time="0.003" errors="0">
  <testcase name="f" time="0.003" classname="com.example.springBootTest.user.NewTest"/>
</testsuite> <!-- com.example.springBootTest.user.NewTest -->
